
-------------------------------------------------------------------------
               pulling servarr stack containers
-------------------------------------------------------------------------
 portainer Pulling 
 homarr Pulling 
 qbittorrent Pulling 
 sonarr Pulling 
 jellyseerr Pulling 
 jellyfin Pulling 
 radarr Pulling 
 prowlarr Pulling 
 bazarr Pulling 
 f18232174bc9 Pulling fs layer 
 cb2bde55f71f Pulling fs layer 
 9d0e0719fbe0 Pulling fs layer 
 6f063dbd7a5d Pulling fs layer 
 e52e9fc593c6 Pulling fs layer 
 f5c4314cb66d Pulling fs layer 
 c070fd935997 Pulling fs layer 
 6f528ec0d32e Pulling fs layer 
 14fd011263e6 Pulling fs layer 
 f5c4314cb66d Waiting 
 297fb3d6e6c9 Pulling fs layer 
 b36005a4d9c2 Pulling fs layer 
 c070fd935997 Waiting 
 b6edc1149103 Pulling fs layer 
 f730ac5e8dec Pulling fs layer 
 6f528ec0d32e Waiting 
 6f063dbd7a5d Waiting 
 2548748d563d Pulling fs layer 
 14fd011263e6 Waiting 
 b8950452171c Pulling fs layer 
 297fb3d6e6c9 Waiting 
 eea12813c4b7 Pulling fs layer 
 e52e9fc593c6 Waiting 
 2898736d2efe Pulling fs layer 
 b36005a4d9c2 Waiting 
 f730ac5e8dec Waiting 
 2548748d563d Waiting 
 b6edc1149103 Waiting 
 26d62bd58873 Pulling fs layer 
 b8950452171c Waiting 
 8a9cf86cb3d1 Pulling fs layer 
 eea12813c4b7 Waiting 
 ba6825cfa8f2 Pulling fs layer 
 d14e69b640fb Pulling fs layer 
 2898736d2efe Waiting 
 26d62bd58873 Waiting 
 a8491ab88c65 Pulling fs layer 
 8a9cf86cb3d1 Waiting 
 ba6825cfa8f2 Waiting 
 87ca26d415bd Pulling fs layer 
 e82748d37f82 Pulling fs layer 
 a8491ab88c65 Waiting 
 87ca26d415bd Waiting 
 e82748d37f82 Waiting 
 44ca21eb1dca Already exists 
 a6e24f9d1ada Pulling fs layer 
 e1cde46db0e1 Pulling fs layer 
 57ea625830d9 Pulling fs layer 
 1dceae55828c Pulling fs layer 
 792408553931 Pulling fs layer 
 922baeece50b Pulling fs layer 
 a6e24f9d1ada Waiting 
 ceb4777e9024 Pulling fs layer 
 e1cde46db0e1 Waiting 
 2b211366d60e Pulling fs layer 
 c14758f865df Pulling fs layer 
 57ea625830d9 Waiting 
 792408553931 Waiting 
 1dceae55828c Waiting 
 d8b6bc3cf764 Pulling fs layer 
 922baeece50b Waiting 
 ceb4777e9024 Waiting 
 2b211366d60e Waiting 
 c14758f865df Waiting 
 d8b6bc3cf764 Waiting 
 e1cde46db0e1 Already exists 
 4c984d899e57 Pulling fs layer 
 e1cde46db0e1 Pulling fs layer 
 65bab8394fc1 Pulling fs layer 
 72450b9ee1db Pulling fs layer 
 c1d54385ce6a Pulling fs layer 
 e1cde46db0e1 Waiting 
 f8255cf61614 Pulling fs layer 
 4c984d899e57 Waiting 
 65bab8394fc1 Waiting 
 763474513b0f Pulling fs layer 
 c1d54385ce6a Waiting 
 72450b9ee1db Waiting 
 f8255cf61614 Waiting 
 705fe55ef733 Pulling fs layer 
 763474513b0f Waiting 
 5708084e523c Pulling fs layer 
 705fe55ef733 Waiting 
 be0284c438cf Pulling fs layer 
 5708084e523c Waiting 
 be0284c438cf Waiting 
 509f03f2fc32 Already exists 
 df96e2e16e3a Already exists 
 2b1d751b68e0 Pulling fs layer 
 e1cde46db0e1 Pulling fs layer 
 e5627bac0b8e Pulling fs layer 
 2b1d751b68e0 Waiting 
 485b9fca31f5 Pulling fs layer 
 d78faf20d9d2 Pulling fs layer 
 e5627bac0b8e Waiting 
 e1cde46db0e1 Waiting 
 485b9fca31f5 Waiting 
 9fea649eb927 Pulling fs layer 
 f9427200a252 Pulling fs layer 
 d78faf20d9d2 Waiting 
 9fea649eb927 Waiting 
 80b7d442b41d Pulling fs layer 
 170b6bbbadba Pulling fs layer 
 80b7d442b41d Waiting 
 f9427200a252 Waiting 
 170b6bbbadba Waiting 
 b5f0d30762d6 Already exists 
 2742d31e8509 Already exists 
 2b1d751b68e0 Pulling fs layer 
 e1cde46db0e1 Pulling fs layer 
 e5627bac0b8e Pulling fs layer 
 485b9fca31f5 Pulling fs layer 
 d78faf20d9d2 Pulling fs layer 
 2b1d751b68e0 Waiting 
 9fea649eb927 Pulling fs layer 
 f9427200a252 Pulling fs layer 
 a7b1c26b26a4 Pulling fs layer 
 485b9fca31f5 Waiting 
 e1cde46db0e1 Waiting 
 1cd62654446e Pulling fs layer 
 e5627bac0b8e Waiting 
 f9427200a252 Waiting 
 9fea649eb927 Waiting 
 d78faf20d9d2 Waiting 
 6623ce4d7947 Pulling fs layer 
 a7b1c26b26a4 Waiting 
 1cd62654446e Waiting 
 6623ce4d7947 Waiting 
 8c627afebd39 Already exists 
 7b32003b32f3 Pulling fs layer 
 90827dfeb2ba Pulling fs layer 
 7b32003b32f3 Waiting 
 90827dfeb2ba Waiting 
 prowlarr Pulled 
 9d0e0719fbe0 Downloading [>                                                  ]  13.78kB/1.261MB
 9d0e0719fbe0 Downloading [=================>                                 ]  452.4kB/1.261MB
 f18232174bc9 Downloading [>                                                  ]  37.02kB/3.642MB
 9d0e0719fbe0 Downloading [===========================================>       ]  1.091MB/1.261MB
 f18232174bc9 Downloading [==>                                                ]  162.6kB/3.642MB
 9d0e0719fbe0 Verifying Checksum 
 9d0e0719fbe0 Download complete 
 cb2bde55f71f Downloading [>                                                  ]  507.9kB/50.34MB
 f18232174bc9 Downloading [===>                                               ]  286.2kB/3.642MB
 cb2bde55f71f Downloading [=>                                                 ]  1.524MB/50.34MB
 f18232174bc9 Downloading [=====>                                             ]  418.4kB/3.642MB
 f18232174bc9 Downloading [========>                                          ]  591.2kB/3.642MB
 cb2bde55f71f Downloading [==>                                                ]   2.54MB/50.34MB
 f18232174bc9 Pulling fs layer 
 cb2bde55f71f Pulling fs layer 
 9d0e0719fbe0 Pulling fs layer 
 6f063dbd7a5d Pulling fs layer 
 25643c7cd247 Pulling fs layer 
 db38d58e7298 Pulling fs layer 
 cb2bde55f71f Downloading [==>                                                ]   2.54MB/50.34MB
 f18232174bc9 Downloading [========>                                          ]  591.2kB/3.642MB
 0d69165a3c3d Pulling fs layer 
 9d0e0719fbe0 Download complete 
 6f063dbd7a5d Waiting 
 b4be05911d2d Pulling fs layer 
 25643c7cd247 Waiting 
 0d69165a3c3d Waiting 
 db38d58e7298 Waiting 
 b4be05911d2d Waiting 
 f18232174bc9 Downloading [===========>                                       ]  836.9kB/3.642MB
 f18232174bc9 Downloading [===========>                                       ]  836.9kB/3.642MB
 cb2bde55f71f Downloading [===>                                               ]  3.047MB/50.34MB
 cb2bde55f71f Downloading [===>                                               ]  3.047MB/50.34MB
 f18232174bc9 Downloading [===============>                                   ]  1.143MB/3.642MB
 f18232174bc9 Downloading [===============>                                   ]  1.143MB/3.642MB
 6f4e72b360d8 Pulling fs layer 
 0e898cf5aa48 Pulling fs layer 
 04de093ad5ed Pulling fs layer 
 86a7cce72d42 Pulling fs layer 
 e09df2601140 Pulling fs layer 
 6f4e72b360d8 Waiting 
 0e898cf5aa48 Waiting 
 04de093ad5ed Waiting 
 86a7cce72d42 Waiting 
 7969f3b791fc Pulling fs layer 
 e09df2601140 Waiting 
 5fbe5609831b Pulling fs layer 
 7969f3b791fc Waiting 
 1ae399eb9eb9 Pulling fs layer 
 6687b958fbeb Pulling fs layer 
 4f4fb700ef54 Pulling fs layer 
 5fbe5609831b Waiting 
 1ae399eb9eb9 Waiting 
 6687b958fbeb Waiting 
 4f4fb700ef54 Waiting 
 cb2bde55f71f Downloading [====>                                              ]  4.063MB/50.34MB
 cb2bde55f71f Downloading [====>                                              ]  4.063MB/50.34MB
 f18232174bc9 Downloading [====================>                              ]  1.488MB/3.642MB
 f18232174bc9 Downloading [====================>                              ]  1.488MB/3.642MB
 6f063dbd7a5d Downloading [==================================================>]     446B/446B
 6f063dbd7a5d Downloading [==================================================>]     446B/446B
 6f063dbd7a5d Download complete 
 6f063dbd7a5d Download complete 
 cb2bde55f71f Downloading [=====>                                             ]  5.079MB/50.34MB
 cb2bde55f71f Downloading [=====>                                             ]  5.079MB/50.34MB
 f18232174bc9 Downloading [==========================>                        ]  1.909MB/3.642MB
 f18232174bc9 Downloading [==========================>                        ]  1.909MB/3.642MB
 f18232174bc9 Downloading [================================>                  ]   2.36MB/3.642MB
 f18232174bc9 Downloading [================================>                  ]   2.36MB/3.642MB
 cb2bde55f71f Downloading [======>                                            ]  6.095MB/50.34MB
 cb2bde55f71f Downloading [======>                                            ]  6.095MB/50.34MB
 f18232174bc9 Downloading [=======================================>           ]   2.85MB/3.642MB
 f18232174bc9 Downloading [=======================================>           ]   2.85MB/3.642MB
 cb2bde55f71f Downloading [=======>                                           ]  7.111MB/50.34MB
 cb2bde55f71f Downloading [=======>                                           ]  7.111MB/50.34MB
 f18232174bc9 Downloading [==============================================>    ]  3.388MB/3.642MB
 f18232174bc9 Downloading [==============================================>    ]  3.388MB/3.642MB
 cb2bde55f71f Downloading [========>                                          ]  8.126MB/50.34MB
 cb2bde55f71f Downloading [========>                                          ]  8.126MB/50.34MB
 f18232174bc9 Download complete 
 f18232174bc9 Verifying Checksum 
 f18232174bc9 Download complete 
 f18232174bc9 Extracting [>                                                  ]  65.54kB/3.642MB
 f18232174bc9 Extracting [>                                                  ]  65.54kB/3.642MB
 cb2bde55f71f Downloading [=========>                                         ]   9.65MB/50.34MB
 cb2bde55f71f Downloading [=========>                                         ]   9.65MB/50.34MB
 f18232174bc9 Extracting [===========>                                       ]    852kB/3.642MB
 f18232174bc9 Extracting [===========>                                       ]    852kB/3.642MB
 f18232174bc9 Extracting [======================>                            ]  1.638MB/3.642MB
 f18232174bc9 Extracting [======================>                            ]  1.638MB/3.642MB
 cb2bde55f71f Downloading [===========>                                       ]  11.18MB/50.34MB
 cb2bde55f71f Downloading [===========>                                       ]  11.18MB/50.34MB
 f18232174bc9 Extracting [=========================================>         ]  3.015MB/3.642MB
 f18232174bc9 Extracting [=========================================>         ]  3.015MB/3.642MB
 cb2bde55f71f Downloading [============>                                      ]   12.7MB/50.34MB
 cb2bde55f71f Downloading [============>                                      ]   12.7MB/50.34MB
 f18232174bc9 Extracting [==================================================>]  3.642MB/3.642MB
 f18232174bc9 Extracting [==================================================>]  3.642MB/3.642MB
 e52e9fc593c6 Downloading [==================================================>]      93B/93B
 e52e9fc593c6 Verifying Checksum 
 e52e9fc593c6 Download complete 
 f18232174bc9 Extracting [==================================================>]  3.642MB/3.642MB
 f18232174bc9 Extracting [==================================================>]  3.642MB/3.642MB
 f18232174bc9 Pull complete 
 f18232174bc9 Pull complete 
 cb2bde55f71f Downloading [==============>                                    ]  14.22MB/50.34MB
 cb2bde55f71f Downloading [==============>                                    ]  14.22MB/50.34MB
 cb2bde55f71f Downloading [===============>                                   ]  15.75MB/50.34MB
 cb2bde55f71f Downloading [===============>                                   ]  15.75MB/50.34MB
 cb2bde55f71f Downloading [=================>                                 ]  17.27MB/50.34MB
 cb2bde55f71f Downloading [=================>                                 ]  17.27MB/50.34MB
 cb2bde55f71f Downloading [==================>                                ]   18.8MB/50.34MB
 cb2bde55f71f Downloading [==================>                                ]   18.8MB/50.34MB
 cb2bde55f71f Downloading [====================>                              ]  20.32MB/50.34MB
 cb2bde55f71f Downloading [====================>                              ]  20.32MB/50.34MB
 cb2bde55f71f Downloading [=====================>                             ]  21.84MB/50.34MB
 cb2bde55f71f Downloading [=====================>                             ]  21.84MB/50.34MB
 cb2bde55f71f Downloading [=======================>                           ]  23.37MB/50.34MB
 cb2bde55f71f Downloading [=======================>                           ]  23.37MB/50.34MB
 f5c4314cb66d Downloading [>                                                  ]  64.62kB/5.729MB
 cb2bde55f71f Downloading [========================>                          ]  24.38MB/50.34MB
 cb2bde55f71f Downloading [========================>                          ]  24.38MB/50.34MB
 c070fd935997 Downloading [==================================================>]      97B/97B
 c070fd935997 Verifying Checksum 
 c070fd935997 Download complete 
 f5c4314cb66d Downloading [=>                                                 ]  195.7kB/5.729MB
 cb2bde55f71f Downloading [=========================>                         ]  25.91MB/50.34MB
 cb2bde55f71f Downloading [=========================>                         ]  25.91MB/50.34MB
 f5c4314cb66d Downloading [==>                                                ]  326.8kB/5.729MB
 cb2bde55f71f Downloading [==========================>                        ]  26.92MB/50.34MB
 cb2bde55f71f Downloading [==========================>                        ]  26.92MB/50.34MB
 f5c4314cb66d Downloading [===>                                               ]  457.8kB/5.729MB
 cb2bde55f71f Downloading [============================>                      ]  28.45MB/50.34MB
 cb2bde55f71f Downloading [============================>                      ]  28.45MB/50.34MB
 cb2bde55f71f Downloading [=============================>                     ]  29.97MB/50.34MB
 cb2bde55f71f Downloading [=============================>                     ]  29.97MB/50.34MB
 f5c4314cb66d Downloading [=====>                                             ]  654.4kB/5.729MB
 cb2bde55f71f Downloading [===============================>                   ]  31.49MB/50.34MB
 cb2bde55f71f Downloading [===============================>                   ]  31.49MB/50.34MB
 f5c4314cb66d Downloading [======>                                            ]  785.5kB/5.729MB
 cb2bde55f71f Downloading [=================================>                 ]  33.52MB/50.34MB
 cb2bde55f71f Downloading [=================================>                 ]  33.52MB/50.34MB
 f5c4314cb66d Downloading [========>                                          ]  982.1kB/5.729MB
 cb2bde55f71f Downloading [==================================>                ]  35.05MB/50.34MB
 cb2bde55f71f Downloading [==================================>                ]  35.05MB/50.34MB
 f5c4314cb66d Downloading [==========>                                        ]  1.179MB/5.729MB
 cb2bde55f71f Downloading [===================================>               ]  36.06MB/50.34MB
 cb2bde55f71f Downloading [===================================>               ]  36.06MB/50.34MB
 f5c4314cb66d Downloading [===========>                                       ]   1.31MB/5.729MB
 f5c4314cb66d Downloading [=============>                                     ]  1.506MB/5.729MB
 cb2bde55f71f Downloading [======================================>            ]   38.6MB/50.34MB
 cb2bde55f71f Downloading [======================================>            ]   38.6MB/50.34MB
 cb2bde55f71f Downloading [=======================================>           ]  39.62MB/50.34MB
 cb2bde55f71f Downloading [=======================================>           ]  39.62MB/50.34MB
 f5c4314cb66d Downloading [==============>                                    ]  1.703MB/5.729MB
 cb2bde55f71f Downloading [=========================================>         ]  41.65MB/50.34MB
 cb2bde55f71f Downloading [=========================================>         ]  41.65MB/50.34MB
 f5c4314cb66d Downloading [=================>                                 ]  1.965MB/5.729MB
 6f528ec0d32e Downloading [>                                                  ]  11.02kB/1.001MB
 cb2bde55f71f Downloading [==========================================>        ]  42.67MB/50.34MB
 cb2bde55f71f Downloading [==========================================>        ]  42.67MB/50.34MB
 f5c4314cb66d Downloading [==================>                                ]  2.162MB/5.729MB
 6f528ec0d32e Downloading [======>                                            ]  130.2kB/1.001MB
 cb2bde55f71f Downloading [===========================================>       ]  43.68MB/50.34MB
 cb2bde55f71f Downloading [===========================================>       ]  43.68MB/50.34MB
 6f528ec0d32e Downloading [===================>                               ]  392.3kB/1.001MB
 f5c4314cb66d Downloading [=====================>                             ]  2.424MB/5.729MB
 6f528ec0d32e Downloading [===============================>                   ]  638.1kB/1.001MB
 cb2bde55f71f Downloading [============================================>      ]   44.7MB/50.34MB
 cb2bde55f71f Downloading [============================================>      ]   44.7MB/50.34MB
 f5c4314cb66d Downloading [======================>                            ]  2.621MB/5.729MB
 6f528ec0d32e Downloading [================================================>  ]  965.7kB/1.001MB
 cb2bde55f71f Downloading [=============================================>     ]  45.71MB/50.34MB
 cb2bde55f71f Downloading [=============================================>     ]  45.71MB/50.34MB
 6f528ec0d32e Verifying Checksum 
 6f528ec0d32e Download complete 
 f5c4314cb66d Downloading [=========================>                         ]  2.948MB/5.729MB
 cb2bde55f71f Downloading [==============================================>    ]  46.73MB/50.34MB
 cb2bde55f71f Downloading [==============================================>    ]  46.73MB/50.34MB
 f5c4314cb66d Downloading [===========================>                       ]  3.145MB/5.729MB
 cb2bde55f71f Downloading [===============================================>   ]  47.75MB/50.34MB
 cb2bde55f71f Downloading [===============================================>   ]  47.75MB/50.34MB
 f5c4314cb66d Downloading [==============================>                    ]  3.472MB/5.729MB
 cb2bde55f71f Downloading [================================================>  ]  48.76MB/50.34MB
 cb2bde55f71f Downloading [================================================>  ]  48.76MB/50.34MB
 f5c4314cb66d Downloading [=================================>                 ]    3.8MB/5.729MB
 cb2bde55f71f Downloading [=================================================> ]  49.78MB/50.34MB
 cb2bde55f71f Downloading [=================================================> ]  49.78MB/50.34MB
 f5c4314cb66d Downloading [===================================>               ]  4.062MB/5.729MB
 f5c4314cb66d Downloading [=======================================>           ]  4.521MB/5.729MB
 cb2bde55f71f Downloading [=================================================> ]  50.29MB/50.34MB
 cb2bde55f71f Downloading [=================================================> ]  50.29MB/50.34MB
 cb2bde55f71f Verifying Checksum 
 cb2bde55f71f Verifying Checksum 
 cb2bde55f71f Download complete 
 cb2bde55f71f Download complete 
 f5c4314cb66d Downloading [==========================================>        ]  4.914MB/5.729MB
 cb2bde55f71f Extracting [>                                                  ]  524.3kB/50.34MB
 cb2bde55f71f Extracting [>                                                  ]  524.3kB/50.34MB
 14fd011263e6 Downloading [==================================================>]     197B/197B
 14fd011263e6 Verifying Checksum 
 14fd011263e6 Download complete 
 f5c4314cb66d Downloading [================================================>  ]  5.504MB/5.729MB
 cb2bde55f71f Extracting [==>                                                ]  2.097MB/50.34MB
 cb2bde55f71f Extracting [==>                                                ]  2.097MB/50.34MB
 f5c4314cb66d Verifying Checksum 
 f5c4314cb66d Download complete 
 cb2bde55f71f Extracting [===>                                               ]  3.146MB/50.34MB
 cb2bde55f71f Extracting [===>                                               ]  3.146MB/50.34MB
 cb2bde55f71f Extracting [====>                                              ]  4.194MB/50.34MB
 cb2bde55f71f Extracting [====>                                              ]  4.194MB/50.34MB
 cb2bde55f71f Extracting [=====>                                             ]  5.243MB/50.34MB
 cb2bde55f71f Extracting [=====>                                             ]  5.243MB/50.34MB
 297fb3d6e6c9 Downloading [==================================================>]     193B/193B
 297fb3d6e6c9 Verifying Checksum 
 297fb3d6e6c9 Download complete 
 cb2bde55f71f Extracting [======>                                            ]  6.816MB/50.34MB
 cb2bde55f71f Extracting [======>                                            ]  6.816MB/50.34MB
 b36005a4d9c2 Downloading [==================================================>]     262B/262B
 b36005a4d9c2 Verifying Checksum 
 b36005a4d9c2 Download complete 
 cb2bde55f71f Extracting [========>                                          ]  8.389MB/50.34MB
 cb2bde55f71f Extracting [========>                                          ]  8.389MB/50.34MB
 b6edc1149103 Downloading [==================================================>]     987B/987B
 b6edc1149103 Verifying Checksum 
 b6edc1149103 Download complete 
 cb2bde55f71f Extracting [=========>                                         ]  9.961MB/50.34MB
 cb2bde55f71f Extracting [=========>                                         ]  9.961MB/50.34MB
 cb2bde55f71f Extracting [===========>                                       ]  11.53MB/50.34MB
 cb2bde55f71f Extracting [===========>                                       ]  11.53MB/50.34MB
 cb2bde55f71f Extracting [=============>                                     ]  13.11MB/50.34MB
 cb2bde55f71f Extracting [=============>                                     ]  13.11MB/50.34MB
 f730ac5e8dec Downloading [==================================================>]  1.192kB/1.192kB
 f730ac5e8dec Verifying Checksum 
 f730ac5e8dec Download complete 
 cb2bde55f71f Extracting [==============>                                    ]  14.68MB/50.34MB
 cb2bde55f71f Extracting [==============>                                    ]  14.68MB/50.34MB
 2548748d563d Downloading [>                                                  ]  41.49kB/4.131MB
 cb2bde55f71f Extracting [================>                                  ]  16.25MB/50.34MB
 cb2bde55f71f Extracting [================>                                  ]  16.25MB/50.34MB
 2548748d563d Downloading [=======>                                           ]  638.1kB/4.131MB
 b8950452171c Downloading [>                                                  ]  64.62kB/4.93MB
 cb2bde55f71f Extracting [=================>                                 ]  17.83MB/50.34MB
 cb2bde55f71f Extracting [=================>                                 ]  17.83MB/50.34MB
 2548748d563d Downloading [==============>                                    ]  1.179MB/4.131MB
 cb2bde55f71f Extracting [==================>                                ]  18.87MB/50.34MB
 cb2bde55f71f Extracting [==================>                                ]  18.87MB/50.34MB
 b8950452171c Downloading [==>                                                ]  261.2kB/4.93MB
 2548748d563d Downloading [====================>                              ]  1.712MB/4.131MB
 b8950452171c Downloading [====>                                              ]  457.8kB/4.93MB
 cb2bde55f71f Extracting [====================>                              ]  20.45MB/50.34MB
 cb2bde55f71f Extracting [====================>                              ]  20.45MB/50.34MB
 2548748d563d Downloading [============================>                      ]  2.387MB/4.131MB
 2548748d563d Downloading [=============================================>     ]  3.767MB/4.131MB
 eea12813c4b7 Downloading [>                                                  ]   12.4kB/1.181MB
 cb2bde55f71f Extracting [=====================>                             ]   21.5MB/50.34MB
 cb2bde55f71f Extracting [=====================>                             ]   21.5MB/50.34MB
 b8950452171c Downloading [======>                                            ]    647kB/4.93MB
 2548748d563d Verifying Checksum 
 2548748d563d Download complete 
 eea12813c4b7 Downloading [=============================>                     ]  703.6kB/1.181MB
 b8950452171c Downloading [========>                                          ]  834.7kB/4.93MB
 cb2bde55f71f Extracting [======================>                            ]  22.54MB/50.34MB
 cb2bde55f71f Extracting [======================>                            ]  22.54MB/50.34MB
 eea12813c4b7 Verifying Checksum 
 eea12813c4b7 Download complete 
 b8950452171c Downloading [==========>                                        ]   1.08MB/4.93MB
 cb2bde55f71f Extracting [=======================>                           ]  23.59MB/50.34MB
 cb2bde55f71f Extracting [=======================>                           ]  23.59MB/50.34MB
 b8950452171c Downloading [=============>                                     ]  1.343MB/4.93MB
 cb2bde55f71f Extracting [========================>                          ]  24.64MB/50.34MB
 cb2bde55f71f Extracting [========================>                          ]  24.64MB/50.34MB
 cb2bde55f71f Extracting [=========================>                         ]  25.69MB/50.34MB
 cb2bde55f71f Extracting [=========================>                         ]  25.69MB/50.34MB
 b8950452171c Downloading [================>                                  ]  1.588MB/4.93MB
 b8950452171c Downloading [==================>                                ]   1.85MB/4.93MB
 cb2bde55f71f Extracting [===========================>                       ]  27.26MB/50.34MB
 cb2bde55f71f Extracting [===========================>                       ]  27.26MB/50.34MB
 b8950452171c Downloading [=====================>                             ]  2.113MB/4.93MB
 cb2bde55f71f Extracting [============================>                      ]  28.84MB/50.34MB
 cb2bde55f71f Extracting [============================>                      ]  28.84MB/50.34MB
 b8950452171c Downloading [=======================>                           ]  2.309MB/4.93MB
 2898736d2efe Downloading [>                                                  ]  15.16kB/1.475MB
 cb2bde55f71f Extracting [==============================>                    ]  30.41MB/50.34MB
 cb2bde55f71f Extracting [==============================>                    ]  30.41MB/50.34MB
 b8950452171c Downloading [===========================>                       ]  2.702MB/4.93MB
 2898736d2efe Downloading [=======>                                           ]    221kB/1.475MB
 26d62bd58873 Downloading [>                                                  ]  375.9kB/37.14MB
 cb2bde55f71f Extracting [===============================>                   ]  31.98MB/50.34MB
 cb2bde55f71f Extracting [===============================>                   ]  31.98MB/50.34MB
 2898736d2efe Downloading [===========>                                       ]  352.1kB/1.475MB
 b8950452171c Downloading [==============================>                    ]  3.014MB/4.93MB
 26d62bd58873 Downloading [==>                                                ]  1.506MB/37.14MB
 cb2bde55f71f Extracting [=================================>                 ]  33.55MB/50.34MB
 cb2bde55f71f Extracting [=================================>                 ]  33.55MB/50.34MB
 2898736d2efe Downloading [==============>                                    ]  417.6kB/1.475MB
 b8950452171c Downloading [==================================>                ]   3.44MB/4.93MB
 26d62bd58873 Downloading [====>                                              ]  3.014MB/37.14MB
 cb2bde55f71f Extracting [==================================>                ]  35.13MB/50.34MB
 cb2bde55f71f Extracting [==================================>                ]  35.13MB/50.34MB
 b8950452171c Downloading [======================================>            ]  3.817MB/4.93MB
 26d62bd58873 Downloading [======>                                            ]  4.908MB/37.14MB
 2898736d2efe Downloading [===============>                                   ]  466.8kB/1.475MB
